0 info it worked if it ends with ok
1 verbose cli [ 'node', '/usr/local/bin/npm', 'install', '-g', 'n' ]
2 info using npm@1.4.24
3 info using node@v0.10.31
4 verbose cache add [ 'n', null ]
5 verbose cache add name=undefined spec="n" args=["n",null]
6 verbose parsed url { protocol: null,
6 verbose parsed url   slashes: null,
6 verbose parsed url   auth: null,
6 verbose parsed url   host: null,
6 verbose parsed url   port: null,
6 verbose parsed url   hostname: null,
6 verbose parsed url   hash: null,
6 verbose parsed url   search: null,
6 verbose parsed url   query: null,
6 verbose parsed url   pathname: 'n',
6 verbose parsed url   path: 'n',
6 verbose parsed url   href: 'n' }
7 silly lockFile d1854cae-n n
8 verbose lock n /Users/seungchanlee/.npm/d1854cae-n.lock
9 silly lockFile d1854cae-n n
10 silly lockFile d1854cae-n n
11 verbose addNamed [ 'n', '' ]
12 verbose addNamed [ null, '*' ]
13 silly lockFile 6b58d7dc-n n@
14 verbose lock n@ /Users/seungchanlee/.npm/6b58d7dc-n.lock
15 silly addNameRange { name: 'n', range: '*', hasData: false }
16 verbose request where is /n
17 verbose request registry https://registry.npmjs.org/
18 verbose request id 96e5fa9047a2e6ef
19 verbose url raw /n
20 verbose url resolving [ 'https://registry.npmjs.org/', './n' ]
21 verbose url resolved https://registry.npmjs.org/n
22 verbose request where is https://registry.npmjs.org/n
23 info trying registry request attempt 1 at 00:42:32
24 http GET https://registry.npmjs.org/n
25 http 200 https://registry.npmjs.org/n
26 silly registry.get cb [ 200,
26 silly registry.get   { date: 'Fri, 29 Aug 2014 04:42:32 GMT',
26 silly registry.get     server: 'CouchDB/1.5.0 (Erlang OTP/R14B04)',
26 silly registry.get     etag: '"B6UONGAHTZVF9HS448QNPISTZ"',
26 silly registry.get     'content-type': 'application/json',
26 silly registry.get     'cache-control': 'max-age=60',
26 silly registry.get     'content-length': '36583',
26 silly registry.get     'accept-ranges': 'bytes',
26 silly registry.get     via: '1.1 varnish',
26 silly registry.get     age: '15945',
26 silly registry.get     'x-served-by': 'cache-jfk1029-JFK',
26 silly registry.get     'x-cache': 'HIT',
26 silly registry.get     'x-cache-hits': '1',
26 silly registry.get     'x-timer': 'S1409287352.782129,VS0,VE14',
26 silly registry.get     vary: 'Accept',
26 silly registry.get     'keep-alive': 'timeout=10, max=50',
26 silly registry.get     connection: 'Keep-Alive' } ]
27 silly addNameRange number 2 { name: 'n', range: '*', hasData: true }
28 silly addNameRange versions [ 'n',
28 silly addNameRange   [ '0.0.1',
28 silly addNameRange     '0.0.2',
28 silly addNameRange     '0.0.3',
28 silly addNameRange     '0.0.4',
28 silly addNameRange     '0.1.0',
28 silly addNameRange     '0.1.1',
28 silly addNameRange     '0.1.2',
28 silly addNameRange     '0.2.0',
28 silly addNameRange     '0.2.1',
28 silly addNameRange     '0.2.2',
28 silly addNameRange     '0.3.0',
28 silly addNameRange     '0.4.0',
28 silly addNameRange     '0.4.1',
28 silly addNameRange     '0.4.2',
28 silly addNameRange     '0.5.0',
28 silly addNameRange     '0.5.1',
28 silly addNameRange     '0.5.2',
28 silly addNameRange     '0.5.3',
28 silly addNameRange     '0.5.4',
28 silly addNameRange     '0.6.0',
28 silly addNameRange     '0.6.1',
28 silly addNameRange     '0.7.0',
28 silly addNameRange     '0.7.1',
28 silly addNameRange     '0.7.2',
28 silly addNameRange     '0.7.3',
28 silly addNameRange     '0.8.0',
28 silly addNameRange     '0.8.1',
28 silly addNameRange     '0.8.2',
28 silly addNameRange     '0.9.0',
28 silly addNameRange     '0.9.1',
28 silly addNameRange     '0.9.2',
28 silly addNameRange     '0.9.3',
28 silly addNameRange     '1.0.0',
28 silly addNameRange     '1.1.0',
28 silly addNameRange     '1.2.1',
28 silly addNameRange     '1.2.2',
28 silly addNameRange     '1.2.3',
28 silly addNameRange     '1.2.4',
28 silly addNameRange     '1.2.5',
28 silly addNameRange     '1.2.6',
28 silly addNameRange     '1.2.7',
28 silly addNameRange     '1.2.8',
28 silly addNameRange     '1.2.9' ] ]
29 verbose addNamed [ 'n', '1.2.9' ]
30 verbose addNamed [ '1.2.9', '1.2.9' ]
31 silly lockFile 7f22195c-n-1-2-9 n@1.2.9
32 verbose lock n@1.2.9 /Users/seungchanlee/.npm/7f22195c-n-1-2-9.lock
33 silly lockFile 473decd1-registry-npmjs-org-n-n-1-2-9-tgz https://registry.npmjs.org/n/-/n-1.2.9.tgz
34 verbose lock https://registry.npmjs.org/n/-/n-1.2.9.tgz /Users/seungchanlee/.npm/473decd1-registry-npmjs-org-n-n-1-2-9-tgz.lock
35 verbose addRemoteTarball [ 'https://registry.npmjs.org/n/-/n-1.2.9.tgz',
35 verbose addRemoteTarball   '962f4a31f218e0e03d4353e68311d4bbe38cf130' ]
36 info retry fetch attempt 1 at 00:42:33
37 verbose fetch to= /var/folders/9y/236rlt1x33562c0d3hddtgt40000gn/T/npm-1001-t0TUIvH_/registry.npmjs.org/n/-/n-1.2.9.tgz
38 http GET https://registry.npmjs.org/n/-/n-1.2.9.tgz
39 http 200 https://registry.npmjs.org/n/-/n-1.2.9.tgz
40 silly lockFile 473decd1-registry-npmjs-org-n-n-1-2-9-tgz https://registry.npmjs.org/n/-/n-1.2.9.tgz
41 silly lockFile 473decd1-registry-npmjs-org-n-n-1-2-9-tgz https://registry.npmjs.org/n/-/n-1.2.9.tgz
42 silly lockFile 7f22195c-n-1-2-9 n@1.2.9
43 silly lockFile 7f22195c-n-1-2-9 n@1.2.9
44 silly lockFile 6b58d7dc-n n@
45 silly lockFile 6b58d7dc-n n@
46 silly resolved [ { name: 'n',
46 silly resolved     description: 'node version manager',
46 silly resolved     version: '1.2.9',
46 silly resolved     author: { name: 'TJ Holowaychuk', email: 'tj@vision-media.ca' },
46 silly resolved     homepage: 'https://github.com/visionmedia/n',
46 silly resolved     bugs: { url: 'https://github.com/visionmedia/n/issues' },
46 silly resolved     keywords: [ 'node', 'binary', 'version', 'manager', 'switcher', 'env' ],
46 silly resolved     bin: { n: './bin/n' },
46 silly resolved     repository: { type: 'git', url: 'git://github.com/visionmedia/n.git' },
46 silly resolved     preferGlobal: true,
46 silly resolved     os: [ '!win32' ],
46 silly resolved     engines: { node: '*' },
46 silly resolved     license: 'MIT',
46 silly resolved     _id: 'n@1.2.9',
46 silly resolved     _shasum: '962f4a31f218e0e03d4353e68311d4bbe38cf130',
46 silly resolved     _from: 'n@',
46 silly resolved     _npmVersion: '1.4.9',
46 silly resolved     _npmUser: { name: 'tjwebb', email: 'me@traviswebb.com' },
46 silly resolved     maintainers: [ [Object], [Object], [Object] ],
46 silly resolved     dist:
46 silly resolved      { shasum: '962f4a31f218e0e03d4353e68311d4bbe38cf130',
46 silly resolved        tarball: 'http://registry.npmjs.org/n/-/n-1.2.9.tgz' },
46 silly resolved     directories: {},
46 silly resolved     _resolved: 'https://registry.npmjs.org/n/-/n-1.2.9.tgz' } ]
47 info install n@1.2.9 into /usr/local/lib
48 info installOne n@1.2.9
49 verbose lib/node_modules/n unbuild
50 info preuninstall n@1.2.9
51 info uninstall n@1.2.9
52 verbose true,/usr/local/lib/node_modules,/usr/local/lib/node_modules unbuild n@1.2.9
53 verbose /usr/local/bin,[object Object] binRoot
54 info postuninstall n@1.2.9
55 verbose tar unpack /Users/seungchanlee/.npm/n/1.2.9/package.tgz
56 silly lockFile 9a5950d7-tar-usr-local-lib-node-modules-n tar:///usr/local/lib/node_modules/n
57 verbose lock tar:///usr/local/lib/node_modules/n /Users/seungchanlee/.npm/9a5950d7-tar-usr-local-lib-node-modules-n.lock
58 silly lockFile b104120e-gchanlee-npm-n-1-2-9-package-tgz tar:///Users/seungchanlee/.npm/n/1.2.9/package.tgz
59 verbose lock tar:///Users/seungchanlee/.npm/n/1.2.9/package.tgz /Users/seungchanlee/.npm/b104120e-gchanlee-npm-n-1-2-9-package-tgz.lock
60 silly gunzTarPerm modes [ '755', '644' ]
61 silly gunzTarPerm extractEntry package.json
62 silly gunzTarPerm modified mode [ 'package.json', 436, 420 ]
63 silly gunzTarPerm extractEntry History.md
64 silly gunzTarPerm modified mode [ 'History.md', 436, 420 ]
65 silly gunzTarPerm extractEntry Makefile
66 silly gunzTarPerm modified mode [ 'Makefile', 436, 420 ]
67 silly gunzTarPerm extractEntry Readme.md
68 silly gunzTarPerm modified mode [ 'Readme.md', 436, 420 ]
69 silly gunzTarPerm extractEntry bin/n
70 silly gunzTarPerm modified mode [ 'bin/n', 509, 493 ]
71 silly lockFile 9a5950d7-tar-usr-local-lib-node-modules-n tar:///usr/local/lib/node_modules/n
72 silly lockFile 9a5950d7-tar-usr-local-lib-node-modules-n tar:///usr/local/lib/node_modules/n
73 silly lockFile b104120e-gchanlee-npm-n-1-2-9-package-tgz tar:///Users/seungchanlee/.npm/n/1.2.9/package.tgz
74 silly lockFile b104120e-gchanlee-npm-n-1-2-9-package-tgz tar:///Users/seungchanlee/.npm/n/1.2.9/package.tgz
75 info preinstall n@1.2.9
76 verbose readDependencies using package.json deps
77 verbose readDependencies using package.json deps
78 silly resolved []
79 verbose about to build /usr/local/lib/node_modules/n
80 info build /usr/local/lib/node_modules/n
81 verbose linkStuff [ true,
81 verbose linkStuff   '/usr/local/lib/node_modules',
81 verbose linkStuff   true,
81 verbose linkStuff   '/usr/local/lib/node_modules' ]
82 info linkStuff n@1.2.9
83 verbose linkBins n@1.2.9
84 verbose link bins [ { n: './bin/n' }, '/usr/local/bin', true ]
85 verbose linkMans n@1.2.9
86 verbose rebuildBundles n@1.2.9
87 info install n@1.2.9
88 info postinstall n@1.2.9
89 error peerinvalid The package generator-karma does not satisfy its siblings' peerDependencies requirements!
89 error peerinvalid Peer generator-angular@0.8.0 wants generator-karma@>=0.6.0
89 error peerinvalid Peer generator-angular-ui-router@0.5.3 wants generator-karma@~0.5.0
90 error System Darwin 13.3.0
91 error command "node" "/usr/local/bin/npm" "install" "-g" "n"
92 error cwd /Users/seungchanlee/Documents/Projects/Teaching/coderfront
93 error node -v v0.10.31
94 error npm -v 1.4.24
95 error code EPEERINVALID
96 verbose exit [ 1, true ]
